2025-10-21 03:07:25 +03:00: [Error: ENOENT: no such file or directory, open '/var/www/servicetextpro/Marketplace/.next/prerender-manifest.json'] {
2025-10-21 03:07:25 +03:00:   errno: -2,
2025-10-21 03:07:25 +03:00:   code: 'ENOENT',
2025-10-21 03:07:25 +03:00:   syscall: 'open',
2025-10-21 03:07:25 +03:00:   path: '/var/www/servicetextpro/Marketplace/.next/prerender-manifest.json'
2025-10-21 03:07:25 +03:00: }
2025-10-21 03:07:25 +03:00: [Error: ENOENT: no such file or directory, open '/var/www/servicetextpro/Marketplace/.next/prerender-manifest.json'] {
2025-10-21 03:07:25 +03:00:   errno: -2,
2025-10-21 03:07:25 +03:00:   code: 'ENOENT',
2025-10-21 03:07:25 +03:00:   syscall: 'open',
2025-10-21 03:07:25 +03:00:   path: '/var/www/servicetextpro/Marketplace/.next/prerender-manifest.json'
2025-10-21 03:07:25 +03:00: }
2025-10-21 03:07:26 +03:00: [Error: ENOENT: no such file or directory, open '/var/www/servicetextpro/Marketplace/.next/prerender-manifest.json'] {
2025-10-21 03:07:26 +03:00:   errno: -2,
2025-10-21 03:07:26 +03:00:   code: 'ENOENT',
2025-10-21 03:07:26 +03:00:   syscall: 'open',
2025-10-21 03:07:26 +03:00:   path: '/var/www/servicetextpro/Marketplace/.next/prerender-manifest.json'
2025-10-21 03:07:26 +03:00: }
2025-10-21 03:07:26 +03:00: [Error: ENOENT: no such file or directory, open '/var/www/servicetextpro/Marketplace/.next/prerender-manifest.json'] {
2025-10-21 03:07:26 +03:00:   errno: -2,
2025-10-21 03:07:26 +03:00:   code: 'ENOENT',
2025-10-21 03:07:26 +03:00:   syscall: 'open',
2025-10-21 03:07:26 +03:00:   path: '/var/www/servicetextpro/Marketplace/.next/prerender-manifest.json'
2025-10-21 03:07:26 +03:00: }
2025-10-21 03:07:27 +03:00: [Error: ENOENT: no such file or directory, open '/var/www/servicetextpro/Marketplace/.next/prerender-manifest.json'] {
2025-10-21 03:07:27 +03:00:   errno: -2,
2025-10-21 03:07:27 +03:00:   code: 'ENOENT',
2025-10-21 03:07:27 +03:00:   syscall: 'open',
2025-10-21 03:07:27 +03:00:   path: '/var/www/servicetextpro/Marketplace/.next/prerender-manifest.json'
2025-10-21 03:07:27 +03:00: }
2025-10-21 03:07:27 +03:00: [Error: ENOENT: no such file or directory, open '/var/www/servicetextpro/Marketplace/.next/prerender-manifest.json'] {
2025-10-21 03:07:27 +03:00:   errno: -2,
2025-10-21 03:07:27 +03:00:   code: 'ENOENT',
2025-10-21 03:07:27 +03:00:   syscall: 'open',
2025-10-21 03:07:27 +03:00:   path: '/var/www/servicetextpro/Marketplace/.next/prerender-manifest.json'
2025-10-21 03:07:27 +03:00: }
2025-10-21 03:07:27 +03:00: [Error: ENOENT: no such file or directory, open '/var/www/servicetextpro/Marketplace/.next/prerender-manifest.json'] {
2025-10-21 03:07:27 +03:00:   errno: -2,
2025-10-21 03:07:27 +03:00:   code: 'ENOENT',
2025-10-21 03:07:27 +03:00:   syscall: 'open',
2025-10-21 03:07:27 +03:00:   path: '/var/www/servicetextpro/Marketplace/.next/prerender-manifest.json'
2025-10-21 03:07:27 +03:00: }
2025-10-21 03:07:28 +03:00: [Error: ENOENT: no such file or directory, open '/var/www/servicetextpro/Marketplace/.next/prerender-manifest.json'] {
2025-10-21 03:07:28 +03:00:   errno: -2,
2025-10-21 03:07:28 +03:00:   code: 'ENOENT',
2025-10-21 03:07:28 +03:00:   syscall: 'open',
2025-10-21 03:07:28 +03:00:   path: '/var/www/servicetextpro/Marketplace/.next/prerender-manifest.json'
2025-10-21 03:07:28 +03:00: }
2025-10-21 03:07:28 +03:00: [Error: ENOENT: no such file or directory, open '/var/www/servicetextpro/Marketplace/.next/prerender-manifest.json'] {
2025-10-21 03:07:28 +03:00:   errno: -2,
2025-10-21 03:07:28 +03:00:   code: 'ENOENT',
2025-10-21 03:07:28 +03:00:   syscall: 'open',
2025-10-21 03:07:28 +03:00:   path: '/var/www/servicetextpro/Marketplace/.next/prerender-manifest.json'
2025-10-21 03:07:28 +03:00: }
2025-10-21 03:07:29 +03:00: [Error: ENOENT: no such file or directory, open '/var/www/servicetextpro/Marketplace/.next/prerender-manifest.json'] {
2025-10-21 03:07:29 +03:00:   errno: -2,
2025-10-21 03:07:29 +03:00:   code: 'ENOENT',
2025-10-21 03:07:29 +03:00:   syscall: 'open',
2025-10-21 03:07:29 +03:00:   path: '/var/www/servicetextpro/Marketplace/.next/prerender-manifest.json'
2025-10-21 03:07:29 +03:00: }
2025-10-21 03:07:29 +03:00: [Error: ENOENT: no such file or directory, open '/var/www/servicetextpro/Marketplace/.next/prerender-manifest.json'] {
2025-10-21 03:07:29 +03:00:   errno: -2,
2025-10-21 03:07:29 +03:00:   code: 'ENOENT',
2025-10-21 03:07:29 +03:00:   syscall: 'open',
2025-10-21 03:07:29 +03:00:   path: '/var/www/servicetextpro/Marketplace/.next/prerender-manifest.json'
2025-10-21 03:07:29 +03:00: }
2025-10-21 03:07:30 +03:00: [Error: ENOENT: no such file or directory, open '/var/www/servicetextpro/Marketplace/.next/prerender-manifest.json'] {
2025-10-21 03:07:30 +03:00:   errno: -2,
2025-10-21 03:07:30 +03:00:   code: 'ENOENT',
2025-10-21 03:07:30 +03:00:   syscall: 'open',
2025-10-21 03:07:30 +03:00:   path: '/var/www/servicetextpro/Marketplace/.next/prerender-manifest.json'
2025-10-21 03:07:30 +03:00: }
2025-10-21 03:07:30 +03:00: [Error: ENOENT: no such file or directory, open '/var/www/servicetextpro/Marketplace/.next/prerender-manifest.json'] {
2025-10-21 03:07:30 +03:00:   errno: -2,
2025-10-21 03:07:30 +03:00:   code: 'ENOENT',
2025-10-21 03:07:30 +03:00:   syscall: 'open',
2025-10-21 03:07:30 +03:00:   path: '/var/www/servicetextpro/Marketplace/.next/prerender-manifest.json'
2025-10-21 03:07:30 +03:00: }
2025-10-21 03:07:31 +03:00: [Error: ENOENT: no such file or directory, open '/var/www/servicetextpro/Marketplace/.next/prerender-manifest.json'] {
2025-10-21 03:07:31 +03:00:   errno: -2,
2025-10-21 03:07:31 +03:00:   code: 'ENOENT',
2025-10-21 03:07:31 +03:00:   syscall: 'open',
2025-10-21 03:07:31 +03:00:   path: '/var/www/servicetextpro/Marketplace/.next/prerender-manifest.json'
2025-10-21 03:07:31 +03:00: }
2025-10-21 03:07:31 +03:00: [Error: ENOENT: no such file or directory, open '/var/www/servicetextpro/Marketplace/.next/prerender-manifest.json'] {
2025-10-21 03:07:31 +03:00:   errno: -2,
2025-10-21 03:07:31 +03:00:   code: 'ENOENT',
2025-10-21 03:07:31 +03:00:   syscall: 'open',
2025-10-21 03:07:31 +03:00:   path: '/var/www/servicetextpro/Marketplace/.next/prerender-manifest.json'
2025-10-21 03:07:31 +03:00: }
2025-10-21 03:07:32 +03:00: [Error: ENOENT: no such file or directory, open '/var/www/servicetextpro/Marketplace/.next/prerender-manifest.json'] {
2025-10-21 03:07:32 +03:00:   errno: -2,
2025-10-21 03:07:32 +03:00:   code: 'ENOENT',
2025-10-21 03:07:32 +03:00:   syscall: 'open',
2025-10-21 03:07:32 +03:00:   path: '/var/www/servicetextpro/Marketplace/.next/prerender-manifest.json'
2025-10-21 03:07:32 +03:00: }
2025-10-21 03:10:49 +03:00: [Error: ENOENT: no such file or directory, open '/var/www/servicetextpro/Marketplace/.next/prerender-manifest.json'] {
2025-10-21 03:10:49 +03:00:   errno: -2,
2025-10-21 03:10:49 +03:00:   code: 'ENOENT',
2025-10-21 03:10:49 +03:00:   syscall: 'open',
2025-10-21 03:10:49 +03:00:   path: '/var/www/servicetextpro/Marketplace/.next/prerender-manifest.json'
2025-10-21 03:10:49 +03:00: }
2025-10-21 03:10:49 +03:00: [Error: ENOENT: no such file or directory, open '/var/www/servicetextpro/Marketplace/.next/prerender-manifest.json'] {
2025-10-21 03:10:49 +03:00:   errno: -2,
2025-10-21 03:10:49 +03:00:   code: 'ENOENT',
2025-10-21 03:10:49 +03:00:   syscall: 'open',
2025-10-21 03:10:49 +03:00:   path: '/var/www/servicetextpro/Marketplace/.next/prerender-manifest.json'
2025-10-21 03:10:49 +03:00: }
2025-10-21 03:10:50 +03:00: [Error: ENOENT: no such file or directory, open '/var/www/servicetextpro/Marketplace/.next/prerender-manifest.json'] {
2025-10-21 03:10:50 +03:00:   errno: -2,
2025-10-21 03:10:50 +03:00:   code: 'ENOENT',
2025-10-21 03:10:50 +03:00:   syscall: 'open',
2025-10-21 03:10:50 +03:00:   path: '/var/www/servicetextpro/Marketplace/.next/prerender-manifest.json'
2025-10-21 03:10:50 +03:00: }
2025-10-21 03:10:50 +03:00: [Error: ENOENT: no such file or directory, open '/var/www/servicetextpro/Marketplace/.next/prerender-manifest.json'] {
2025-10-21 03:10:50 +03:00:   errno: -2,
2025-10-21 03:10:50 +03:00:   code: 'ENOENT',
2025-10-21 03:10:50 +03:00:   syscall: 'open',
2025-10-21 03:10:50 +03:00:   path: '/var/www/servicetextpro/Marketplace/.next/prerender-manifest.json'
2025-10-21 03:10:50 +03:00: }
2025-10-21 03:10:50 +03:00: [Error: ENOENT: no such file or directory, open '/var/www/servicetextpro/Marketplace/.next/prerender-manifest.json'] {
2025-10-21 03:10:50 +03:00:   errno: -2,
2025-10-21 03:10:50 +03:00:   code: 'ENOENT',
2025-10-21 03:10:50 +03:00:   syscall: 'open',
2025-10-21 03:10:50 +03:00:   path: '/var/www/servicetextpro/Marketplace/.next/prerender-manifest.json'
2025-10-21 03:10:50 +03:00: }
2025-10-21 03:10:51 +03:00: [Error: ENOENT: no such file or directory, open '/var/www/servicetextpro/Marketplace/.next/prerender-manifest.json'] {
2025-10-21 03:10:51 +03:00:   errno: -2,
2025-10-21 03:10:51 +03:00:   code: 'ENOENT',
2025-10-21 03:10:51 +03:00:   syscall: 'open',
2025-10-21 03:10:51 +03:00:   path: '/var/www/servicetextpro/Marketplace/.next/prerender-manifest.json'
2025-10-21 03:10:51 +03:00: }
2025-10-21 03:10:51 +03:00: [Error: ENOENT: no such file or directory, open '/var/www/servicetextpro/Marketplace/.next/prerender-manifest.json'] {
2025-10-21 03:10:51 +03:00:   errno: -2,
2025-10-21 03:10:51 +03:00:   code: 'ENOENT',
2025-10-21 03:10:51 +03:00:   syscall: 'open',
2025-10-21 03:10:51 +03:00:   path: '/var/www/servicetextpro/Marketplace/.next/prerender-manifest.json'
2025-10-21 03:10:51 +03:00: }
2025-10-21 03:10:52 +03:00: [Error: ENOENT: no such file or directory, open '/var/www/servicetextpro/Marketplace/.next/prerender-manifest.json'] {
2025-10-21 03:10:52 +03:00:   errno: -2,
2025-10-21 03:10:52 +03:00:   code: 'ENOENT',
2025-10-21 03:10:52 +03:00:   syscall: 'open',
2025-10-21 03:10:52 +03:00:   path: '/var/www/servicetextpro/Marketplace/.next/prerender-manifest.json'
2025-10-21 03:10:52 +03:00: }
2025-10-21 03:10:52 +03:00: [Error: ENOENT: no such file or directory, open '/var/www/servicetextpro/Marketplace/.next/prerender-manifest.json'] {
2025-10-21 03:10:52 +03:00:   errno: -2,
2025-10-21 03:10:52 +03:00:   code: 'ENOENT',
2025-10-21 03:10:52 +03:00:   syscall: 'open',
2025-10-21 03:10:52 +03:00:   path: '/var/www/servicetextpro/Marketplace/.next/prerender-manifest.json'
2025-10-21 03:10:52 +03:00: }
2025-10-21 03:10:53 +03:00: [Error: ENOENT: no such file or directory, open '/var/www/servicetextpro/Marketplace/.next/prerender-manifest.json'] {
2025-10-21 03:10:53 +03:00:   errno: -2,
2025-10-21 03:10:53 +03:00:   code: 'ENOENT',
2025-10-21 03:10:53 +03:00:   syscall: 'open',
2025-10-21 03:10:53 +03:00:   path: '/var/www/servicetextpro/Marketplace/.next/prerender-manifest.json'
2025-10-21 03:10:53 +03:00: }
2025-10-21 03:10:53 +03:00: [Error: ENOENT: no such file or directory, open '/var/www/servicetextpro/Marketplace/.next/prerender-manifest.json'] {
2025-10-21 03:10:53 +03:00:   errno: -2,
2025-10-21 03:10:53 +03:00:   code: 'ENOENT',
2025-10-21 03:10:53 +03:00:   syscall: 'open',
2025-10-21 03:10:53 +03:00:   path: '/var/www/servicetextpro/Marketplace/.next/prerender-manifest.json'
2025-10-21 03:10:53 +03:00: }
2025-10-21 03:10:54 +03:00: [Error: ENOENT: no such file or directory, open '/var/www/servicetextpro/Marketplace/.next/prerender-manifest.json'] {
2025-10-21 03:10:54 +03:00:   errno: -2,
2025-10-21 03:10:54 +03:00:   code: 'ENOENT',
2025-10-21 03:10:54 +03:00:   syscall: 'open',
2025-10-21 03:10:54 +03:00:   path: '/var/www/servicetextpro/Marketplace/.next/prerender-manifest.json'
2025-10-21 03:10:54 +03:00: }
2025-10-21 03:10:54 +03:00: [Error: ENOENT: no such file or directory, open '/var/www/servicetextpro/Marketplace/.next/prerender-manifest.json'] {
2025-10-21 03:10:54 +03:00:   errno: -2,
2025-10-21 03:10:54 +03:00:   code: 'ENOENT',
2025-10-21 03:10:54 +03:00:   syscall: 'open',
2025-10-21 03:10:54 +03:00:   path: '/var/www/servicetextpro/Marketplace/.next/prerender-manifest.json'
2025-10-21 03:10:54 +03:00: }
2025-10-21 03:10:54 +03:00: [Error: ENOENT: no such file or directory, open '/var/www/servicetextpro/Marketplace/.next/prerender-manifest.json'] {
2025-10-21 03:10:54 +03:00:   errno: -2,
2025-10-21 03:10:54 +03:00:   code: 'ENOENT',
2025-10-21 03:10:54 +03:00:   syscall: 'open',
2025-10-21 03:10:54 +03:00:   path: '/var/www/servicetextpro/Marketplace/.next/prerender-manifest.json'
2025-10-21 03:10:54 +03:00: }
2025-10-21 03:10:55 +03:00: [Error: ENOENT: no such file or directory, open '/var/www/servicetextpro/Marketplace/.next/prerender-manifest.json'] {
2025-10-21 03:10:55 +03:00:   errno: -2,
2025-10-21 03:10:55 +03:00:   code: 'ENOENT',
2025-10-21 03:10:55 +03:00:   syscall: 'open',
2025-10-21 03:10:55 +03:00:   path: '/var/www/servicetextpro/Marketplace/.next/prerender-manifest.json'
2025-10-21 03:10:55 +03:00: }
2025-10-21 03:10:55 +03:00: [Error: ENOENT: no such file or directory, open '/var/www/servicetextpro/Marketplace/.next/prerender-manifest.json'] {
2025-10-21 03:10:55 +03:00:   errno: -2,
2025-10-21 03:10:55 +03:00:   code: 'ENOENT',
2025-10-21 03:10:55 +03:00:   syscall: 'open',
2025-10-21 03:10:55 +03:00:   path: '/var/www/servicetextpro/Marketplace/.next/prerender-manifest.json'
2025-10-21 03:10:55 +03:00: }
2025-10-21 03:32:21 +03:00: [Error: ENOENT: no such file or directory, open '/var/www/servicetextpro/Marketplace/.next/prerender-manifest.json'] {
2025-10-21 03:32:21 +03:00:   errno: -2,
2025-10-21 03:32:21 +03:00:   code: 'ENOENT',
2025-10-21 03:32:21 +03:00:   syscall: 'open',
2025-10-21 03:32:21 +03:00:   path: '/var/www/servicetextpro/Marketplace/.next/prerender-manifest.json'
2025-10-21 03:32:21 +03:00: }
2025-10-21 03:32:21 +03:00: [Error: ENOENT: no such file or directory, open '/var/www/servicetextpro/Marketplace/.next/prerender-manifest.json'] {
2025-10-21 03:32:21 +03:00:   errno: -2,
2025-10-21 03:32:21 +03:00:   code: 'ENOENT',
2025-10-21 03:32:21 +03:00:   syscall: 'open',
2025-10-21 03:32:21 +03:00:   path: '/var/www/servicetextpro/Marketplace/.next/prerender-manifest.json'
2025-10-21 03:32:21 +03:00: }
2025-10-21 03:32:21 +03:00: [Error: ENOENT: no such file or directory, open '/var/www/servicetextpro/Marketplace/.next/prerender-manifest.json'] {
2025-10-21 03:32:21 +03:00:   errno: -2,
2025-10-21 03:32:21 +03:00:   code: 'ENOENT',
2025-10-21 03:32:21 +03:00:   syscall: 'open',
2025-10-21 03:32:21 +03:00:   path: '/var/www/servicetextpro/Marketplace/.next/prerender-manifest.json'
2025-10-21 03:32:21 +03:00: }
2025-10-21 03:32:22 +03:00: [Error: ENOENT: no such file or directory, open '/var/www/servicetextpro/Marketplace/.next/prerender-manifest.json'] {
2025-10-21 03:32:22 +03:00:   errno: -2,
2025-10-21 03:32:22 +03:00:   code: 'ENOENT',
2025-10-21 03:32:22 +03:00:   syscall: 'open',
2025-10-21 03:32:22 +03:00:   path: '/var/www/servicetextpro/Marketplace/.next/prerender-manifest.json'
2025-10-21 03:32:22 +03:00: }
2025-10-21 03:32:22 +03:00: [Error: ENOENT: no such file or directory, open '/var/www/servicetextpro/Marketplace/.next/prerender-manifest.json'] {
2025-10-21 03:32:22 +03:00:   errno: -2,
2025-10-21 03:32:22 +03:00:   code: 'ENOENT',
2025-10-21 03:32:22 +03:00:   syscall: 'open',
2025-10-21 03:32:22 +03:00:   path: '/var/www/servicetextpro/Marketplace/.next/prerender-manifest.json'
2025-10-21 03:32:22 +03:00: }
2025-10-21 03:32:23 +03:00: [Error: ENOENT: no such file or directory, open '/var/www/servicetextpro/Marketplace/.next/prerender-manifest.json'] {
2025-10-21 03:32:23 +03:00:   errno: -2,
2025-10-21 03:32:23 +03:00:   code: 'ENOENT',
2025-10-21 03:32:23 +03:00:   syscall: 'open',
2025-10-21 03:32:23 +03:00:   path: '/var/www/servicetextpro/Marketplace/.next/prerender-manifest.json'
2025-10-21 03:32:23 +03:00: }
2025-10-21 03:32:23 +03:00: [Error: ENOENT: no such file or directory, open '/var/www/servicetextpro/Marketplace/.next/prerender-manifest.json'] {
2025-10-21 03:32:23 +03:00:   errno: -2,
2025-10-21 03:32:23 +03:00:   code: 'ENOENT',
2025-10-21 03:32:23 +03:00:   syscall: 'open',
2025-10-21 03:32:23 +03:00:   path: '/var/www/servicetextpro/Marketplace/.next/prerender-manifest.json'
2025-10-21 03:32:23 +03:00: }
2025-10-21 03:32:24 +03:00: [Error: ENOENT: no such file or directory, open '/var/www/servicetextpro/Marketplace/.next/prerender-manifest.json'] {
2025-10-21 03:32:24 +03:00:   errno: -2,
2025-10-21 03:32:24 +03:00:   code: 'ENOENT',
2025-10-21 03:32:24 +03:00:   syscall: 'open',
2025-10-21 03:32:24 +03:00:   path: '/var/www/servicetextpro/Marketplace/.next/prerender-manifest.json'
2025-10-21 03:32:24 +03:00: }
2025-10-21 03:32:24 +03:00: [Error: ENOENT: no such file or directory, open '/var/www/servicetextpro/Marketplace/.next/prerender-manifest.json'] {
2025-10-21 03:32:24 +03:00:   errno: -2,
2025-10-21 03:32:24 +03:00:   code: 'ENOENT',
2025-10-21 03:32:24 +03:00:   syscall: 'open',
2025-10-21 03:32:24 +03:00:   path: '/var/www/servicetextpro/Marketplace/.next/prerender-manifest.json'
2025-10-21 03:32:24 +03:00: }
2025-10-21 03:32:24 +03:00: [Error: ENOENT: no such file or directory, open '/var/www/servicetextpro/Marketplace/.next/prerender-manifest.json'] {
2025-10-21 03:32:24 +03:00:   errno: -2,
2025-10-21 03:32:24 +03:00:   code: 'ENOENT',
2025-10-21 03:32:24 +03:00:   syscall: 'open',
2025-10-21 03:32:24 +03:00:   path: '/var/www/servicetextpro/Marketplace/.next/prerender-manifest.json'
2025-10-21 03:32:24 +03:00: }
2025-10-21 03:32:25 +03:00: [Error: ENOENT: no such file or directory, open '/var/www/servicetextpro/Marketplace/.next/prerender-manifest.json'] {
2025-10-21 03:32:25 +03:00:   errno: -2,
2025-10-21 03:32:25 +03:00:   code: 'ENOENT',
2025-10-21 03:32:25 +03:00:   syscall: 'open',
2025-10-21 03:32:25 +03:00:   path: '/var/www/servicetextpro/Marketplace/.next/prerender-manifest.json'
2025-10-21 03:32:25 +03:00: }
2025-10-21 03:32:25 +03:00: [Error: ENOENT: no such file or directory, open '/var/www/servicetextpro/Marketplace/.next/prerender-manifest.json'] {
2025-10-21 03:32:25 +03:00:   errno: -2,
2025-10-21 03:32:25 +03:00:   code: 'ENOENT',
2025-10-21 03:32:25 +03:00:   syscall: 'open',
2025-10-21 03:32:25 +03:00:   path: '/var/www/servicetextpro/Marketplace/.next/prerender-manifest.json'
2025-10-21 03:32:25 +03:00: }
2025-10-21 03:32:26 +03:00: [Error: ENOENT: no such file or directory, open '/var/www/servicetextpro/Marketplace/.next/prerender-manifest.json'] {
2025-10-21 03:32:26 +03:00:   errno: -2,
2025-10-21 03:32:26 +03:00:   code: 'ENOENT',
2025-10-21 03:32:26 +03:00:   syscall: 'open',
2025-10-21 03:32:26 +03:00:   path: '/var/www/servicetextpro/Marketplace/.next/prerender-manifest.json'
2025-10-21 03:32:26 +03:00: }
2025-10-21 03:32:26 +03:00: [Error: ENOENT: no such file or directory, open '/var/www/servicetextpro/Marketplace/.next/prerender-manifest.json'] {
2025-10-21 03:32:26 +03:00:   errno: -2,
2025-10-21 03:32:26 +03:00:   code: 'ENOENT',
2025-10-21 03:32:26 +03:00:   syscall: 'open',
2025-10-21 03:32:26 +03:00:   path: '/var/www/servicetextpro/Marketplace/.next/prerender-manifest.json'
2025-10-21 03:32:26 +03:00: }
2025-10-21 03:32:27 +03:00: [Error: ENOENT: no such file or directory, open '/var/www/servicetextpro/Marketplace/.next/prerender-manifest.json'] {
2025-10-21 03:32:27 +03:00:   errno: -2,
2025-10-21 03:32:27 +03:00:   code: 'ENOENT',
2025-10-21 03:32:27 +03:00:   syscall: 'open',
2025-10-21 03:32:27 +03:00:   path: '/var/www/servicetextpro/Marketplace/.next/prerender-manifest.json'
2025-10-21 03:32:27 +03:00: }
2025-10-21 03:32:27 +03:00: [Error: ENOENT: no such file or directory, open '/var/www/servicetextpro/Marketplace/.next/prerender-manifest.json'] {
2025-10-21 03:32:27 +03:00:   errno: -2,
2025-10-21 03:32:27 +03:00:   code: 'ENOENT',
2025-10-21 03:32:27 +03:00:   syscall: 'open',
2025-10-21 03:32:27 +03:00:   path: '/var/www/servicetextpro/Marketplace/.next/prerender-manifest.json'
2025-10-21 03:32:27 +03:00: }
2025-10-22 22:00:18 +03:00: [Error: ENOENT: no such file or directory, open '/var/www/servicetextpro/Marketplace/.next/prerender-manifest.json'] {
2025-10-22 22:00:18 +03:00:   errno: -2,
2025-10-22 22:00:18 +03:00:   code: 'ENOENT',
2025-10-22 22:00:18 +03:00:   syscall: 'open',
2025-10-22 22:00:18 +03:00:   path: '/var/www/servicetextpro/Marketplace/.next/prerender-manifest.json'
2025-10-22 22:00:18 +03:00: }
2025-10-22 22:00:19 +03:00: [Error: ENOENT: no such file or directory, open '/var/www/servicetextpro/Marketplace/.next/prerender-manifest.json'] {
2025-10-22 22:00:19 +03:00:   errno: -2,
2025-10-22 22:00:19 +03:00:   code: 'ENOENT',
2025-10-22 22:00:19 +03:00:   syscall: 'open',
2025-10-22 22:00:19 +03:00:   path: '/var/www/servicetextpro/Marketplace/.next/prerender-manifest.json'
2025-10-22 22:00:19 +03:00: }
2025-10-22 22:00:19 +03:00: [Error: ENOENT: no such file or directory, open '/var/www/servicetextpro/Marketplace/.next/prerender-manifest.json'] {
2025-10-22 22:00:19 +03:00:   errno: -2,
2025-10-22 22:00:19 +03:00:   code: 'ENOENT',
2025-10-22 22:00:19 +03:00:   syscall: 'open',
2025-10-22 22:00:19 +03:00:   path: '/var/www/servicetextpro/Marketplace/.next/prerender-manifest.json'
2025-10-22 22:00:19 +03:00: }
2025-10-22 22:00:20 +03:00: [Error: ENOENT: no such file or directory, open '/var/www/servicetextpro/Marketplace/.next/prerender-manifest.json'] {
2025-10-22 22:00:20 +03:00:   errno: -2,
2025-10-22 22:00:20 +03:00:   code: 'ENOENT',
2025-10-22 22:00:20 +03:00:   syscall: 'open',
2025-10-22 22:00:20 +03:00:   path: '/var/www/servicetextpro/Marketplace/.next/prerender-manifest.json'
2025-10-22 22:00:20 +03:00: }
2025-10-22 22:00:20 +03:00: [Error: ENOENT: no such file or directory, open '/var/www/servicetextpro/Marketplace/.next/prerender-manifest.json'] {
2025-10-22 22:00:20 +03:00:   errno: -2,
2025-10-22 22:00:20 +03:00:   code: 'ENOENT',
2025-10-22 22:00:20 +03:00:   syscall: 'open',
2025-10-22 22:00:20 +03:00:   path: '/var/www/servicetextpro/Marketplace/.next/prerender-manifest.json'
2025-10-22 22:00:20 +03:00: }
2025-10-22 22:00:21 +03:00: [Error: ENOENT: no such file or directory, open '/var/www/servicetextpro/Marketplace/.next/prerender-manifest.json'] {
2025-10-22 22:00:21 +03:00:   errno: -2,
2025-10-22 22:00:21 +03:00:   code: 'ENOENT',
2025-10-22 22:00:21 +03:00:   syscall: 'open',
2025-10-22 22:00:21 +03:00:   path: '/var/www/servicetextpro/Marketplace/.next/prerender-manifest.json'
2025-10-22 22:00:21 +03:00: }
2025-10-22 22:00:21 +03:00: [Error: ENOENT: no such file or directory, open '/var/www/servicetextpro/Marketplace/.next/prerender-manifest.json'] {
2025-10-22 22:00:21 +03:00:   errno: -2,
2025-10-22 22:00:21 +03:00:   code: 'ENOENT',
2025-10-22 22:00:21 +03:00:   syscall: 'open',
2025-10-22 22:00:21 +03:00:   path: '/var/www/servicetextpro/Marketplace/.next/prerender-manifest.json'
2025-10-22 22:00:21 +03:00: }
2025-10-22 22:00:22 +03:00: [Error: ENOENT: no such file or directory, open '/var/www/servicetextpro/Marketplace/.next/prerender-manifest.json'] {
2025-10-22 22:00:22 +03:00:   errno: -2,
2025-10-22 22:00:22 +03:00:   code: 'ENOENT',
2025-10-22 22:00:22 +03:00:   syscall: 'open',
2025-10-22 22:00:22 +03:00:   path: '/var/www/servicetextpro/Marketplace/.next/prerender-manifest.json'
2025-10-22 22:00:22 +03:00: }
2025-10-22 22:00:22 +03:00: [Error: ENOENT: no such file or directory, open '/var/www/servicetextpro/Marketplace/.next/prerender-manifest.json'] {
2025-10-22 22:00:22 +03:00:   errno: -2,
2025-10-22 22:00:22 +03:00:   code: 'ENOENT',
2025-10-22 22:00:22 +03:00:   syscall: 'open',
2025-10-22 22:00:22 +03:00:   path: '/var/www/servicetextpro/Marketplace/.next/prerender-manifest.json'
2025-10-22 22:00:22 +03:00: }
2025-10-22 22:00:23 +03:00: [Error: ENOENT: no such file or directory, open '/var/www/servicetextpro/Marketplace/.next/prerender-manifest.json'] {
2025-10-22 22:00:23 +03:00:   errno: -2,
2025-10-22 22:00:23 +03:00:   code: 'ENOENT',
2025-10-22 22:00:23 +03:00:   syscall: 'open',
2025-10-22 22:00:23 +03:00:   path: '/var/www/servicetextpro/Marketplace/.next/prerender-manifest.json'
2025-10-22 22:00:23 +03:00: }
2025-10-22 22:00:23 +03:00: [Error: ENOENT: no such file or directory, open '/var/www/servicetextpro/Marketplace/.next/prerender-manifest.json'] {
2025-10-22 22:00:23 +03:00:   errno: -2,
2025-10-22 22:00:23 +03:00:   code: 'ENOENT',
2025-10-22 22:00:23 +03:00:   syscall: 'open',
2025-10-22 22:00:23 +03:00:   path: '/var/www/servicetextpro/Marketplace/.next/prerender-manifest.json'
2025-10-22 22:00:23 +03:00: }
2025-10-22 22:00:24 +03:00: [Error: ENOENT: no such file or directory, open '/var/www/servicetextpro/Marketplace/.next/prerender-manifest.json'] {
2025-10-22 22:00:24 +03:00:   errno: -2,
2025-10-22 22:00:24 +03:00:   code: 'ENOENT',
2025-10-22 22:00:24 +03:00:   syscall: 'open',
2025-10-22 22:00:24 +03:00:   path: '/var/www/servicetextpro/Marketplace/.next/prerender-manifest.json'
2025-10-22 22:00:24 +03:00: }
2025-10-22 22:00:24 +03:00: [Error: ENOENT: no such file or directory, open '/var/www/servicetextpro/Marketplace/.next/prerender-manifest.json'] {
2025-10-22 22:00:24 +03:00:   errno: -2,
2025-10-22 22:00:24 +03:00:   code: 'ENOENT',
2025-10-22 22:00:24 +03:00:   syscall: 'open',
2025-10-22 22:00:24 +03:00:   path: '/var/www/servicetextpro/Marketplace/.next/prerender-manifest.json'
2025-10-22 22:00:24 +03:00: }
2025-10-22 22:00:24 +03:00: [Error: ENOENT: no such file or directory, open '/var/www/servicetextpro/Marketplace/.next/prerender-manifest.json'] {
2025-10-22 22:00:24 +03:00:   errno: -2,
2025-10-22 22:00:24 +03:00:   code: 'ENOENT',
2025-10-22 22:00:24 +03:00:   syscall: 'open',
2025-10-22 22:00:24 +03:00:   path: '/var/www/servicetextpro/Marketplace/.next/prerender-manifest.json'
2025-10-22 22:00:24 +03:00: }
2025-10-22 22:00:25 +03:00: [Error: ENOENT: no such file or directory, open '/var/www/servicetextpro/Marketplace/.next/prerender-manifest.json'] {
2025-10-22 22:00:25 +03:00:   errno: -2,
2025-10-22 22:00:25 +03:00:   code: 'ENOENT',
2025-10-22 22:00:25 +03:00:   syscall: 'open',
2025-10-22 22:00:25 +03:00:   path: '/var/www/servicetextpro/Marketplace/.next/prerender-manifest.json'
2025-10-22 22:00:25 +03:00: }
2025-10-22 22:00:25 +03:00: [Error: ENOENT: no such file or directory, open '/var/www/servicetextpro/Marketplace/.next/prerender-manifest.json'] {
2025-10-22 22:00:25 +03:00:   errno: -2,
2025-10-22 22:00:25 +03:00:   code: 'ENOENT',
2025-10-22 22:00:25 +03:00:   syscall: 'open',
2025-10-22 22:00:25 +03:00:   path: '/var/www/servicetextpro/Marketplace/.next/prerender-manifest.json'
2025-10-22 22:00:25 +03:00: }
2025-10-22 22:03:33 +03:00: [Error: ENOENT: no such file or directory, open '/var/www/servicetextpro/Marketplace/.next/prerender-manifest.json'] {
2025-10-22 22:03:33 +03:00:   errno: -2,
2025-10-22 22:03:33 +03:00:   code: 'ENOENT',
2025-10-22 22:03:33 +03:00:   syscall: 'open',
2025-10-22 22:03:33 +03:00:   path: '/var/www/servicetextpro/Marketplace/.next/prerender-manifest.json'
2025-10-22 22:03:33 +03:00: }
2025-10-22 22:03:34 +03:00: [Error: ENOENT: no such file or directory, open '/var/www/servicetextpro/Marketplace/.next/prerender-manifest.json'] {
2025-10-22 22:03:34 +03:00:   errno: -2,
2025-10-22 22:03:34 +03:00:   code: 'ENOENT',
2025-10-22 22:03:34 +03:00:   syscall: 'open',
2025-10-22 22:03:34 +03:00:   path: '/var/www/servicetextpro/Marketplace/.next/prerender-manifest.json'
2025-10-22 22:03:34 +03:00: }
2025-10-22 22:03:34 +03:00: [Error: ENOENT: no such file or directory, open '/var/www/servicetextpro/Marketplace/.next/prerender-manifest.json'] {
2025-10-22 22:03:34 +03:00:   errno: -2,
2025-10-22 22:03:34 +03:00:   code: 'ENOENT',
2025-10-22 22:03:34 +03:00:   syscall: 'open',
2025-10-22 22:03:34 +03:00:   path: '/var/www/servicetextpro/Marketplace/.next/prerender-manifest.json'
2025-10-22 22:03:34 +03:00: }
2025-10-22 22:03:35 +03:00: [Error: ENOENT: no such file or directory, open '/var/www/servicetextpro/Marketplace/.next/prerender-manifest.json'] {
2025-10-22 22:03:35 +03:00:   errno: -2,
2025-10-22 22:03:35 +03:00:   code: 'ENOENT',
2025-10-22 22:03:35 +03:00:   syscall: 'open',
2025-10-22 22:03:35 +03:00:   path: '/var/www/servicetextpro/Marketplace/.next/prerender-manifest.json'
2025-10-22 22:03:35 +03:00: }
2025-10-22 22:03:35 +03:00: [Error: ENOENT: no such file or directory, open '/var/www/servicetextpro/Marketplace/.next/prerender-manifest.json'] {
2025-10-22 22:03:35 +03:00:   errno: -2,
2025-10-22 22:03:35 +03:00:   code: 'ENOENT',
2025-10-22 22:03:35 +03:00:   syscall: 'open',
2025-10-22 22:03:35 +03:00:   path: '/var/www/servicetextpro/Marketplace/.next/prerender-manifest.json'
2025-10-22 22:03:35 +03:00: }
2025-10-22 22:03:36 +03:00: [Error: ENOENT: no such file or directory, open '/var/www/servicetextpro/Marketplace/.next/prerender-manifest.json'] {
2025-10-22 22:03:36 +03:00:   errno: -2,
2025-10-22 22:03:36 +03:00:   code: 'ENOENT',
2025-10-22 22:03:36 +03:00:   syscall: 'open',
2025-10-22 22:03:36 +03:00:   path: '/var/www/servicetextpro/Marketplace/.next/prerender-manifest.json'
2025-10-22 22:03:36 +03:00: }
2025-10-22 22:03:36 +03:00: [Error: ENOENT: no such file or directory, open '/var/www/servicetextpro/Marketplace/.next/prerender-manifest.json'] {
2025-10-22 22:03:36 +03:00:   errno: -2,
2025-10-22 22:03:36 +03:00:   code: 'ENOENT',
2025-10-22 22:03:36 +03:00:   syscall: 'open',
2025-10-22 22:03:36 +03:00:   path: '/var/www/servicetextpro/Marketplace/.next/prerender-manifest.json'
2025-10-22 22:03:36 +03:00: }
2025-10-22 22:03:37 +03:00: [Error: ENOENT: no such file or directory, open '/var/www/servicetextpro/Marketplace/.next/prerender-manifest.json'] {
2025-10-22 22:03:37 +03:00:   errno: -2,
2025-10-22 22:03:37 +03:00:   code: 'ENOENT',
2025-10-22 22:03:37 +03:00:   syscall: 'open',
2025-10-22 22:03:37 +03:00:   path: '/var/www/servicetextpro/Marketplace/.next/prerender-manifest.json'
2025-10-22 22:03:37 +03:00: }
2025-10-22 22:03:37 +03:00: [Error: ENOENT: no such file or directory, open '/var/www/servicetextpro/Marketplace/.next/prerender-manifest.json'] {
2025-10-22 22:03:37 +03:00:   errno: -2,
2025-10-22 22:03:37 +03:00:   code: 'ENOENT',
2025-10-22 22:03:37 +03:00:   syscall: 'open',
2025-10-22 22:03:37 +03:00:   path: '/var/www/servicetextpro/Marketplace/.next/prerender-manifest.json'
2025-10-22 22:03:37 +03:00: }
2025-10-22 22:03:37 +03:00: [Error: ENOENT: no such file or directory, open '/var/www/servicetextpro/Marketplace/.next/prerender-manifest.json'] {
2025-10-22 22:03:37 +03:00:   errno: -2,
2025-10-22 22:03:37 +03:00:   code: 'ENOENT',
2025-10-22 22:03:37 +03:00:   syscall: 'open',
2025-10-22 22:03:37 +03:00:   path: '/var/www/servicetextpro/Marketplace/.next/prerender-manifest.json'
2025-10-22 22:03:37 +03:00: }
2025-10-22 22:03:38 +03:00: [Error: ENOENT: no such file or directory, open '/var/www/servicetextpro/Marketplace/.next/prerender-manifest.json'] {
2025-10-22 22:03:38 +03:00:   errno: -2,
2025-10-22 22:03:38 +03:00:   code: 'ENOENT',
2025-10-22 22:03:38 +03:00:   syscall: 'open',
2025-10-22 22:03:38 +03:00:   path: '/var/www/servicetextpro/Marketplace/.next/prerender-manifest.json'
2025-10-22 22:03:38 +03:00: }
2025-10-22 22:03:38 +03:00: [Error: ENOENT: no such file or directory, open '/var/www/servicetextpro/Marketplace/.next/prerender-manifest.json'] {
2025-10-22 22:03:38 +03:00:   errno: -2,
2025-10-22 22:03:38 +03:00:   code: 'ENOENT',
2025-10-22 22:03:38 +03:00:   syscall: 'open',
2025-10-22 22:03:38 +03:00:   path: '/var/www/servicetextpro/Marketplace/.next/prerender-manifest.json'
2025-10-22 22:03:38 +03:00: }
2025-10-22 22:03:39 +03:00: [Error: ENOENT: no such file or directory, open '/var/www/servicetextpro/Marketplace/.next/prerender-manifest.json'] {
2025-10-22 22:03:39 +03:00:   errno: -2,
2025-10-22 22:03:39 +03:00:   code: 'ENOENT',
2025-10-22 22:03:39 +03:00:   syscall: 'open',
2025-10-22 22:03:39 +03:00:   path: '/var/www/servicetextpro/Marketplace/.next/prerender-manifest.json'
2025-10-22 22:03:39 +03:00: }
2025-10-22 22:03:39 +03:00: [Error: ENOENT: no such file or directory, open '/var/www/servicetextpro/Marketplace/.next/prerender-manifest.json'] {
2025-10-22 22:03:39 +03:00:   errno: -2,
2025-10-22 22:03:39 +03:00:   code: 'ENOENT',
2025-10-22 22:03:39 +03:00:   syscall: 'open',
2025-10-22 22:03:39 +03:00:   path: '/var/www/servicetextpro/Marketplace/.next/prerender-manifest.json'
2025-10-22 22:03:39 +03:00: }
2025-10-22 22:03:40 +03:00: [Error: ENOENT: no such file or directory, open '/var/www/servicetextpro/Marketplace/.next/prerender-manifest.json'] {
2025-10-22 22:03:40 +03:00:   errno: -2,
2025-10-22 22:03:40 +03:00:   code: 'ENOENT',
2025-10-22 22:03:40 +03:00:   syscall: 'open',
2025-10-22 22:03:40 +03:00:   path: '/var/www/servicetextpro/Marketplace/.next/prerender-manifest.json'
2025-10-22 22:03:40 +03:00: }
2025-10-22 22:03:40 +03:00: [Error: ENOENT: no such file or directory, open '/var/www/servicetextpro/Marketplace/.next/prerender-manifest.json'] {
2025-10-22 22:03:40 +03:00:   errno: -2,
2025-10-22 22:03:40 +03:00:   code: 'ENOENT',
2025-10-22 22:03:40 +03:00:   syscall: 'open',
2025-10-22 22:03:40 +03:00:   path: '/var/www/servicetextpro/Marketplace/.next/prerender-manifest.json'
2025-10-22 22:03:40 +03:00: }
2025-10-22 22:07:17 +03:00: [Error: ENOENT: no such file or directory, open '/var/www/servicetextpro/Marketplace/.next/prerender-manifest.json'] {
2025-10-22 22:07:17 +03:00:   errno: -2,
2025-10-22 22:07:17 +03:00:   code: 'ENOENT',
2025-10-22 22:07:17 +03:00:   syscall: 'open',
2025-10-22 22:07:17 +03:00:   path: '/var/www/servicetextpro/Marketplace/.next/prerender-manifest.json'
2025-10-22 22:07:17 +03:00: }
2025-10-22 22:07:17 +03:00: [Error: ENOENT: no such file or directory, open '/var/www/servicetextpro/Marketplace/.next/prerender-manifest.json'] {
2025-10-22 22:07:17 +03:00:   errno: -2,
2025-10-22 22:07:17 +03:00:   code: 'ENOENT',
2025-10-22 22:07:17 +03:00:   syscall: 'open',
2025-10-22 22:07:17 +03:00:   path: '/var/www/servicetextpro/Marketplace/.next/prerender-manifest.json'
2025-10-22 22:07:17 +03:00: }
2025-10-22 22:07:18 +03:00: [Error: ENOENT: no such file or directory, open '/var/www/servicetextpro/Marketplace/.next/prerender-manifest.json'] {
2025-10-22 22:07:18 +03:00:   errno: -2,
2025-10-22 22:07:18 +03:00:   code: 'ENOENT',
2025-10-22 22:07:18 +03:00:   syscall: 'open',
2025-10-22 22:07:18 +03:00:   path: '/var/www/servicetextpro/Marketplace/.next/prerender-manifest.json'
2025-10-22 22:07:18 +03:00: }
2025-10-22 22:07:18 +03:00: [Error: ENOENT: no such file or directory, open '/var/www/servicetextpro/Marketplace/.next/prerender-manifest.json'] {
2025-10-22 22:07:18 +03:00:   errno: -2,
2025-10-22 22:07:18 +03:00:   code: 'ENOENT',
2025-10-22 22:07:18 +03:00:   syscall: 'open',
2025-10-22 22:07:18 +03:00:   path: '/var/www/servicetextpro/Marketplace/.next/prerender-manifest.json'
2025-10-22 22:07:18 +03:00: }
2025-10-22 22:07:18 +03:00: [Error: ENOENT: no such file or directory, open '/var/www/servicetextpro/Marketplace/.next/prerender-manifest.json'] {
2025-10-22 22:07:18 +03:00:   errno: -2,
2025-10-22 22:07:18 +03:00:   code: 'ENOENT',
2025-10-22 22:07:18 +03:00:   syscall: 'open',
2025-10-22 22:07:18 +03:00:   path: '/var/www/servicetextpro/Marketplace/.next/prerender-manifest.json'
2025-10-22 22:07:18 +03:00: }
2025-10-22 22:07:19 +03:00: [Error: ENOENT: no such file or directory, open '/var/www/servicetextpro/Marketplace/.next/prerender-manifest.json'] {
2025-10-22 22:07:19 +03:00:   errno: -2,
2025-10-22 22:07:19 +03:00:   code: 'ENOENT',
2025-10-22 22:07:19 +03:00:   syscall: 'open',
2025-10-22 22:07:19 +03:00:   path: '/var/www/servicetextpro/Marketplace/.next/prerender-manifest.json'
2025-10-22 22:07:19 +03:00: }
2025-10-22 22:07:19 +03:00: [Error: ENOENT: no such file or directory, open '/var/www/servicetextpro/Marketplace/.next/prerender-manifest.json'] {
2025-10-22 22:07:19 +03:00:   errno: -2,
2025-10-22 22:07:19 +03:00:   code: 'ENOENT',
2025-10-22 22:07:19 +03:00:   syscall: 'open',
2025-10-22 22:07:19 +03:00:   path: '/var/www/servicetextpro/Marketplace/.next/prerender-manifest.json'
2025-10-22 22:07:19 +03:00: }
2025-10-22 22:07:20 +03:00: [Error: ENOENT: no such file or directory, open '/var/www/servicetextpro/Marketplace/.next/prerender-manifest.json'] {
2025-10-22 22:07:20 +03:00:   errno: -2,
2025-10-22 22:07:20 +03:00:   code: 'ENOENT',
2025-10-22 22:07:20 +03:00:   syscall: 'open',
2025-10-22 22:07:20 +03:00:   path: '/var/www/servicetextpro/Marketplace/.next/prerender-manifest.json'
2025-10-22 22:07:20 +03:00: }
2025-10-22 22:07:20 +03:00: [Error: ENOENT: no such file or directory, open '/var/www/servicetextpro/Marketplace/.next/prerender-manifest.json'] {
2025-10-22 22:07:20 +03:00:   errno: -2,
2025-10-22 22:07:20 +03:00:   code: 'ENOENT',
2025-10-22 22:07:20 +03:00:   syscall: 'open',
2025-10-22 22:07:20 +03:00:   path: '/var/www/servicetextpro/Marketplace/.next/prerender-manifest.json'
2025-10-22 22:07:20 +03:00: }
2025-10-22 22:07:21 +03:00: [Error: ENOENT: no such file or directory, open '/var/www/servicetextpro/Marketplace/.next/prerender-manifest.json'] {
2025-10-22 22:07:21 +03:00:   errno: -2,
2025-10-22 22:07:21 +03:00:   code: 'ENOENT',
2025-10-22 22:07:21 +03:00:   syscall: 'open',
2025-10-22 22:07:21 +03:00:   path: '/var/www/servicetextpro/Marketplace/.next/prerender-manifest.json'
2025-10-22 22:07:21 +03:00: }
2025-10-22 22:07:21 +03:00: [Error: ENOENT: no such file or directory, open '/var/www/servicetextpro/Marketplace/.next/prerender-manifest.json'] {
2025-10-22 22:07:21 +03:00:   errno: -2,
2025-10-22 22:07:21 +03:00:   code: 'ENOENT',
2025-10-22 22:07:21 +03:00:   syscall: 'open',
2025-10-22 22:07:21 +03:00:   path: '/var/www/servicetextpro/Marketplace/.next/prerender-manifest.json'
2025-10-22 22:07:21 +03:00: }
2025-10-22 22:07:22 +03:00: [Error: ENOENT: no such file or directory, open '/var/www/servicetextpro/Marketplace/.next/prerender-manifest.json'] {
2025-10-22 22:07:22 +03:00:   errno: -2,
2025-10-22 22:07:22 +03:00:   code: 'ENOENT',
2025-10-22 22:07:22 +03:00:   syscall: 'open',
2025-10-22 22:07:22 +03:00:   path: '/var/www/servicetextpro/Marketplace/.next/prerender-manifest.json'
2025-10-22 22:07:22 +03:00: }
2025-10-22 22:07:22 +03:00: [Error: ENOENT: no such file or directory, open '/var/www/servicetextpro/Marketplace/.next/prerender-manifest.json'] {
2025-10-22 22:07:22 +03:00:   errno: -2,
2025-10-22 22:07:22 +03:00:   code: 'ENOENT',
2025-10-22 22:07:22 +03:00:   syscall: 'open',
2025-10-22 22:07:22 +03:00:   path: '/var/www/servicetextpro/Marketplace/.next/prerender-manifest.json'
2025-10-22 22:07:22 +03:00: }
2025-10-22 22:07:23 +03:00: [Error: ENOENT: no such file or directory, open '/var/www/servicetextpro/Marketplace/.next/prerender-manifest.json'] {
2025-10-22 22:07:23 +03:00:   errno: -2,
2025-10-22 22:07:23 +03:00:   code: 'ENOENT',
2025-10-22 22:07:23 +03:00:   syscall: 'open',
2025-10-22 22:07:23 +03:00:   path: '/var/www/servicetextpro/Marketplace/.next/prerender-manifest.json'
2025-10-22 22:07:23 +03:00: }
2025-10-22 22:07:23 +03:00: [Error: ENOENT: no such file or directory, open '/var/www/servicetextpro/Marketplace/.next/prerender-manifest.json'] {
2025-10-22 22:07:23 +03:00:   errno: -2,
2025-10-22 22:07:23 +03:00:   code: 'ENOENT',
2025-10-22 22:07:23 +03:00:   syscall: 'open',
2025-10-22 22:07:23 +03:00:   path: '/var/www/servicetextpro/Marketplace/.next/prerender-manifest.json'
2025-10-22 22:07:23 +03:00: }
2025-10-22 22:07:24 +03:00: [Error: ENOENT: no such file or directory, open '/var/www/servicetextpro/Marketplace/.next/prerender-manifest.json'] {
2025-10-22 22:07:24 +03:00:   errno: -2,
2025-10-22 22:07:24 +03:00:   code: 'ENOENT',
2025-10-22 22:07:24 +03:00:   syscall: 'open',
2025-10-22 22:07:24 +03:00:   path: '/var/www/servicetextpro/Marketplace/.next/prerender-manifest.json'
2025-10-22 22:07:24 +03:00: }
2025-10-23 00:05:41 +03:00: [Error: ENOENT: no such file or directory, open '/var/www/servicetextpro/Marketplace/.next/prerender-manifest.json'] {
2025-10-23 00:05:41 +03:00:   errno: -2,
2025-10-23 00:05:41 +03:00:   code: 'ENOENT',
2025-10-23 00:05:41 +03:00:   syscall: 'open',
2025-10-23 00:05:41 +03:00:   path: '/var/www/servicetextpro/Marketplace/.next/prerender-manifest.json'
2025-10-23 00:05:41 +03:00: }
2025-10-23 00:05:42 +03:00: [Error: ENOENT: no such file or directory, open '/var/www/servicetextpro/Marketplace/.next/prerender-manifest.json'] {
2025-10-23 00:05:42 +03:00:   errno: -2,
2025-10-23 00:05:42 +03:00:   code: 'ENOENT',
2025-10-23 00:05:42 +03:00:   syscall: 'open',
2025-10-23 00:05:42 +03:00:   path: '/var/www/servicetextpro/Marketplace/.next/prerender-manifest.json'
2025-10-23 00:05:42 +03:00: }
2025-10-23 00:05:42 +03:00: [Error: ENOENT: no such file or directory, open '/var/www/servicetextpro/Marketplace/.next/prerender-manifest.json'] {
2025-10-23 00:05:42 +03:00:   errno: -2,
2025-10-23 00:05:42 +03:00:   code: 'ENOENT',
2025-10-23 00:05:42 +03:00:   syscall: 'open',
2025-10-23 00:05:42 +03:00:   path: '/var/www/servicetextpro/Marketplace/.next/prerender-manifest.json'
2025-10-23 00:05:42 +03:00: }
2025-10-23 00:05:43 +03:00: [Error: ENOENT: no such file or directory, open '/var/www/servicetextpro/Marketplace/.next/prerender-manifest.json'] {
2025-10-23 00:05:43 +03:00:   errno: -2,
2025-10-23 00:05:43 +03:00:   code: 'ENOENT',
2025-10-23 00:05:43 +03:00:   syscall: 'open',
2025-10-23 00:05:43 +03:00:   path: '/var/www/servicetextpro/Marketplace/.next/prerender-manifest.json'
2025-10-23 00:05:43 +03:00: }
2025-10-23 00:05:43 +03:00: [Error: ENOENT: no such file or directory, open '/var/www/servicetextpro/Marketplace/.next/prerender-manifest.json'] {
2025-10-23 00:05:43 +03:00:   errno: -2,
2025-10-23 00:05:43 +03:00:   code: 'ENOENT',
2025-10-23 00:05:43 +03:00:   syscall: 'open',
2025-10-23 00:05:43 +03:00:   path: '/var/www/servicetextpro/Marketplace/.next/prerender-manifest.json'
2025-10-23 00:05:43 +03:00: }
2025-10-23 00:05:44 +03:00: [Error: ENOENT: no such file or directory, open '/var/www/servicetextpro/Marketplace/.next/prerender-manifest.json'] {
2025-10-23 00:05:44 +03:00:   errno: -2,
2025-10-23 00:05:44 +03:00:   code: 'ENOENT',
2025-10-23 00:05:44 +03:00:   syscall: 'open',
2025-10-23 00:05:44 +03:00:   path: '/var/www/servicetextpro/Marketplace/.next/prerender-manifest.json'
2025-10-23 00:05:44 +03:00: }
2025-10-23 00:05:44 +03:00: [Error: ENOENT: no such file or directory, open '/var/www/servicetextpro/Marketplace/.next/prerender-manifest.json'] {
2025-10-23 00:05:44 +03:00:   errno: -2,
2025-10-23 00:05:44 +03:00:   code: 'ENOENT',
2025-10-23 00:05:44 +03:00:   syscall: 'open',
2025-10-23 00:05:44 +03:00:   path: '/var/www/servicetextpro/Marketplace/.next/prerender-manifest.json'
2025-10-23 00:05:44 +03:00: }
2025-10-23 00:05:45 +03:00: [Error: ENOENT: no such file or directory, open '/var/www/servicetextpro/Marketplace/.next/prerender-manifest.json'] {
2025-10-23 00:05:45 +03:00:   errno: -2,
2025-10-23 00:05:45 +03:00:   code: 'ENOENT',
2025-10-23 00:05:45 +03:00:   syscall: 'open',
2025-10-23 00:05:45 +03:00:   path: '/var/www/servicetextpro/Marketplace/.next/prerender-manifest.json'
2025-10-23 00:05:45 +03:00: }
2025-10-23 00:05:45 +03:00: [Error: ENOENT: no such file or directory, open '/var/www/servicetextpro/Marketplace/.next/prerender-manifest.json'] {
2025-10-23 00:05:45 +03:00:   errno: -2,
2025-10-23 00:05:45 +03:00:   code: 'ENOENT',
2025-10-23 00:05:45 +03:00:   syscall: 'open',
2025-10-23 00:05:45 +03:00:   path: '/var/www/servicetextpro/Marketplace/.next/prerender-manifest.json'
2025-10-23 00:05:45 +03:00: }
2025-10-23 00:05:45 +03:00: [Error: ENOENT: no such file or directory, open '/var/www/servicetextpro/Marketplace/.next/prerender-manifest.json'] {
2025-10-23 00:05:45 +03:00:   errno: -2,
2025-10-23 00:05:45 +03:00:   code: 'ENOENT',
2025-10-23 00:05:45 +03:00:   syscall: 'open',
2025-10-23 00:05:45 +03:00:   path: '/var/www/servicetextpro/Marketplace/.next/prerender-manifest.json'
2025-10-23 00:05:45 +03:00: }
2025-10-23 00:05:46 +03:00: [Error: ENOENT: no such file or directory, open '/var/www/servicetextpro/Marketplace/.next/prerender-manifest.json'] {
2025-10-23 00:05:46 +03:00:   errno: -2,
2025-10-23 00:05:46 +03:00:   code: 'ENOENT',
2025-10-23 00:05:46 +03:00:   syscall: 'open',
2025-10-23 00:05:46 +03:00:   path: '/var/www/servicetextpro/Marketplace/.next/prerender-manifest.json'
2025-10-23 00:05:46 +03:00: }
2025-10-23 00:05:46 +03:00: [Error: ENOENT: no such file or directory, open '/var/www/servicetextpro/Marketplace/.next/prerender-manifest.json'] {
2025-10-23 00:05:46 +03:00:   errno: -2,
2025-10-23 00:05:46 +03:00:   code: 'ENOENT',
2025-10-23 00:05:46 +03:00:   syscall: 'open',
2025-10-23 00:05:46 +03:00:   path: '/var/www/servicetextpro/Marketplace/.next/prerender-manifest.json'
2025-10-23 00:05:46 +03:00: }
2025-10-23 00:05:47 +03:00: [Error: ENOENT: no such file or directory, open '/var/www/servicetextpro/Marketplace/.next/prerender-manifest.json'] {
2025-10-23 00:05:47 +03:00:   errno: -2,
2025-10-23 00:05:47 +03:00:   code: 'ENOENT',
2025-10-23 00:05:47 +03:00:   syscall: 'open',
2025-10-23 00:05:47 +03:00:   path: '/var/www/servicetextpro/Marketplace/.next/prerender-manifest.json'
2025-10-23 00:05:47 +03:00: }
2025-10-23 00:05:47 +03:00: [Error: ENOENT: no such file or directory, open '/var/www/servicetextpro/Marketplace/.next/prerender-manifest.json'] {
2025-10-23 00:05:47 +03:00:   errno: -2,
2025-10-23 00:05:47 +03:00:   code: 'ENOENT',
2025-10-23 00:05:47 +03:00:   syscall: 'open',
2025-10-23 00:05:47 +03:00:   path: '/var/www/servicetextpro/Marketplace/.next/prerender-manifest.json'
2025-10-23 00:05:47 +03:00: }
2025-10-23 00:05:48 +03:00: [Error: ENOENT: no such file or directory, open '/var/www/servicetextpro/Marketplace/.next/prerender-manifest.json'] {
2025-10-23 00:05:48 +03:00:   errno: -2,
2025-10-23 00:05:48 +03:00:   code: 'ENOENT',
2025-10-23 00:05:48 +03:00:   syscall: 'open',
2025-10-23 00:05:48 +03:00:   path: '/var/www/servicetextpro/Marketplace/.next/prerender-manifest.json'
2025-10-23 00:05:48 +03:00: }
2025-10-23 00:05:48 +03:00: [Error: ENOENT: no such file or directory, open '/var/www/servicetextpro/Marketplace/.next/prerender-manifest.json'] {
2025-10-23 00:05:48 +03:00:   errno: -2,
2025-10-23 00:05:48 +03:00:   code: 'ENOENT',
2025-10-23 00:05:48 +03:00:   syscall: 'open',
2025-10-23 00:05:48 +03:00:   path: '/var/www/servicetextpro/Marketplace/.next/prerender-manifest.json'
2025-10-23 00:05:48 +03:00: }
2025-10-23 00:06:25 +03:00: [Error: ENOENT: no such file or directory, open '/var/www/servicetextpro/Marketplace/.next/prerender-manifest.json'] {
2025-10-23 00:06:25 +03:00:   errno: -2,
2025-10-23 00:06:25 +03:00:   code: 'ENOENT',
2025-10-23 00:06:25 +03:00:   syscall: 'open',
2025-10-23 00:06:25 +03:00:   path: '/var/www/servicetextpro/Marketplace/.next/prerender-manifest.json'
2025-10-23 00:06:25 +03:00: }
2025-10-23 00:06:25 +03:00: [Error: ENOENT: no such file or directory, open '/var/www/servicetextpro/Marketplace/.next/prerender-manifest.json'] {
2025-10-23 00:06:25 +03:00:   errno: -2,
2025-10-23 00:06:25 +03:00:   code: 'ENOENT',
2025-10-23 00:06:25 +03:00:   syscall: 'open',
2025-10-23 00:06:25 +03:00:   path: '/var/www/servicetextpro/Marketplace/.next/prerender-manifest.json'
2025-10-23 00:06:25 +03:00: }
2025-10-23 00:06:26 +03:00: [Error: ENOENT: no such file or directory, open '/var/www/servicetextpro/Marketplace/.next/prerender-manifest.json'] {
2025-10-23 00:06:26 +03:00:   errno: -2,
2025-10-23 00:06:26 +03:00:   code: 'ENOENT',
2025-10-23 00:06:26 +03:00:   syscall: 'open',
2025-10-23 00:06:26 +03:00:   path: '/var/www/servicetextpro/Marketplace/.next/prerender-manifest.json'
2025-10-23 00:06:26 +03:00: }
2025-10-23 00:06:26 +03:00: [Error: ENOENT: no such file or directory, open '/var/www/servicetextpro/Marketplace/.next/prerender-manifest.json'] {
2025-10-23 00:06:26 +03:00:   errno: -2,
2025-10-23 00:06:26 +03:00:   code: 'ENOENT',
2025-10-23 00:06:26 +03:00:   syscall: 'open',
2025-10-23 00:06:26 +03:00:   path: '/var/www/servicetextpro/Marketplace/.next/prerender-manifest.json'
2025-10-23 00:06:26 +03:00: }
2025-10-23 00:06:27 +03:00: [Error: ENOENT: no such file or directory, open '/var/www/servicetextpro/Marketplace/.next/prerender-manifest.json'] {
2025-10-23 00:06:27 +03:00:   errno: -2,
2025-10-23 00:06:27 +03:00:   code: 'ENOENT',
2025-10-23 00:06:27 +03:00:   syscall: 'open',
2025-10-23 00:06:27 +03:00:   path: '/var/www/servicetextpro/Marketplace/.next/prerender-manifest.json'
2025-10-23 00:06:27 +03:00: }
2025-10-23 00:06:27 +03:00: [Error: ENOENT: no such file or directory, open '/var/www/servicetextpro/Marketplace/.next/prerender-manifest.json'] {
2025-10-23 00:06:27 +03:00:   errno: -2,
2025-10-23 00:06:27 +03:00:   code: 'ENOENT',
2025-10-23 00:06:27 +03:00:   syscall: 'open',
2025-10-23 00:06:27 +03:00:   path: '/var/www/servicetextpro/Marketplace/.next/prerender-manifest.json'
2025-10-23 00:06:27 +03:00: }
2025-10-23 00:06:27 +03:00: [Error: ENOENT: no such file or directory, open '/var/www/servicetextpro/Marketplace/.next/prerender-manifest.json'] {
2025-10-23 00:06:27 +03:00:   errno: -2,
2025-10-23 00:06:27 +03:00:   code: 'ENOENT',
2025-10-23 00:06:27 +03:00:   syscall: 'open',
2025-10-23 00:06:27 +03:00:   path: '/var/www/servicetextpro/Marketplace/.next/prerender-manifest.json'
2025-10-23 00:06:27 +03:00: }
2025-10-23 00:06:28 +03:00: [Error: ENOENT: no such file or directory, open '/var/www/servicetextpro/Marketplace/.next/prerender-manifest.json'] {
2025-10-23 00:06:28 +03:00:   errno: -2,
2025-10-23 00:06:28 +03:00:   code: 'ENOENT',
2025-10-23 00:06:28 +03:00:   syscall: 'open',
2025-10-23 00:06:28 +03:00:   path: '/var/www/servicetextpro/Marketplace/.next/prerender-manifest.json'
2025-10-23 00:06:28 +03:00: }
2025-10-23 00:06:29 +03:00: [Error: ENOENT: no such file or directory, open '/var/www/servicetextpro/Marketplace/.next/prerender-manifest.json'] {
2025-10-23 00:06:29 +03:00:   errno: -2,
2025-10-23 00:06:29 +03:00:   code: 'ENOENT',
2025-10-23 00:06:29 +03:00:   syscall: 'open',
2025-10-23 00:06:29 +03:00:   path: '/var/www/servicetextpro/Marketplace/.next/prerender-manifest.json'
2025-10-23 00:06:29 +03:00: }
2025-10-23 00:06:29 +03:00: [Error: ENOENT: no such file or directory, open '/var/www/servicetextpro/Marketplace/.next/prerender-manifest.json'] {
2025-10-23 00:06:29 +03:00:   errno: -2,
2025-10-23 00:06:29 +03:00:   code: 'ENOENT',
2025-10-23 00:06:29 +03:00:   syscall: 'open',
2025-10-23 00:06:29 +03:00:   path: '/var/www/servicetextpro/Marketplace/.next/prerender-manifest.json'
2025-10-23 00:06:29 +03:00: }
2025-10-23 00:06:29 +03:00: [Error: ENOENT: no such file or directory, open '/var/www/servicetextpro/Marketplace/.next/prerender-manifest.json'] {
2025-10-23 00:06:29 +03:00:   errno: -2,
2025-10-23 00:06:29 +03:00:   code: 'ENOENT',
2025-10-23 00:06:29 +03:00:   syscall: 'open',
2025-10-23 00:06:29 +03:00:   path: '/var/www/servicetextpro/Marketplace/.next/prerender-manifest.json'
2025-10-23 00:06:29 +03:00: }
2025-10-23 00:06:30 +03:00: [Error: ENOENT: no such file or directory, open '/var/www/servicetextpro/Marketplace/.next/prerender-manifest.json'] {
2025-10-23 00:06:30 +03:00:   errno: -2,
2025-10-23 00:06:30 +03:00:   code: 'ENOENT',
2025-10-23 00:06:30 +03:00:   syscall: 'open',
2025-10-23 00:06:30 +03:00:   path: '/var/www/servicetextpro/Marketplace/.next/prerender-manifest.json'
2025-10-23 00:06:30 +03:00: }
2025-10-23 00:06:31 +03:00: [Error: ENOENT: no such file or directory, open '/var/www/servicetextpro/Marketplace/.next/prerender-manifest.json'] {
2025-10-23 00:06:31 +03:00:   errno: -2,
2025-10-23 00:06:31 +03:00:   code: 'ENOENT',
2025-10-23 00:06:31 +03:00:   syscall: 'open',
2025-10-23 00:06:31 +03:00:   path: '/var/www/servicetextpro/Marketplace/.next/prerender-manifest.json'
2025-10-23 00:06:31 +03:00: }
2025-10-23 00:06:31 +03:00: [Error: ENOENT: no such file or directory, open '/var/www/servicetextpro/Marketplace/.next/prerender-manifest.json'] {
2025-10-23 00:06:31 +03:00:   errno: -2,
2025-10-23 00:06:31 +03:00:   code: 'ENOENT',
2025-10-23 00:06:31 +03:00:   syscall: 'open',
2025-10-23 00:06:31 +03:00:   path: '/var/www/servicetextpro/Marketplace/.next/prerender-manifest.json'
2025-10-23 00:06:31 +03:00: }
2025-10-23 00:06:31 +03:00: [Error: ENOENT: no such file or directory, open '/var/www/servicetextpro/Marketplace/.next/prerender-manifest.json'] {
2025-10-23 00:06:31 +03:00:   errno: -2,
2025-10-23 00:06:31 +03:00:   code: 'ENOENT',
2025-10-23 00:06:31 +03:00:   syscall: 'open',
2025-10-23 00:06:31 +03:00:   path: '/var/www/servicetextpro/Marketplace/.next/prerender-manifest.json'
2025-10-23 00:06:31 +03:00: }
2025-10-23 00:06:32 +03:00: [Error: ENOENT: no such file or directory, open '/var/www/servicetextpro/Marketplace/.next/prerender-manifest.json'] {
2025-10-23 00:06:32 +03:00:   errno: -2,
2025-10-23 00:06:32 +03:00:   code: 'ENOENT',
2025-10-23 00:06:32 +03:00:   syscall: 'open',
2025-10-23 00:06:32 +03:00:   path: '/var/www/servicetextpro/Marketplace/.next/prerender-manifest.json'
2025-10-23 00:06:32 +03:00: }
2025-10-23 00:16:46 +03:00: [Error: ENOENT: no such file or directory, open '/var/www/servicetextpro/Marketplace/.next/prerender-manifest.json'] {
2025-10-23 00:16:46 +03:00:   errno: -2,
2025-10-23 00:16:46 +03:00:   code: 'ENOENT',
2025-10-23 00:16:46 +03:00:   syscall: 'open',
2025-10-23 00:16:46 +03:00:   path: '/var/www/servicetextpro/Marketplace/.next/prerender-manifest.json'
2025-10-23 00:16:46 +03:00: }
2025-10-23 00:16:46 +03:00: [Error: ENOENT: no such file or directory, open '/var/www/servicetextpro/Marketplace/.next/prerender-manifest.json'] {
2025-10-23 00:16:46 +03:00:   errno: -2,
2025-10-23 00:16:46 +03:00:   code: 'ENOENT',
2025-10-23 00:16:46 +03:00:   syscall: 'open',
2025-10-23 00:16:46 +03:00:   path: '/var/www/servicetextpro/Marketplace/.next/prerender-manifest.json'
2025-10-23 00:16:46 +03:00: }
2025-10-23 00:16:47 +03:00: [Error: ENOENT: no such file or directory, open '/var/www/servicetextpro/Marketplace/.next/prerender-manifest.json'] {
2025-10-23 00:16:47 +03:00:   errno: -2,
2025-10-23 00:16:47 +03:00:   code: 'ENOENT',
2025-10-23 00:16:47 +03:00:   syscall: 'open',
2025-10-23 00:16:47 +03:00:   path: '/var/www/servicetextpro/Marketplace/.next/prerender-manifest.json'
2025-10-23 00:16:47 +03:00: }
2025-10-23 00:16:47 +03:00: [Error: ENOENT: no such file or directory, open '/var/www/servicetextpro/Marketplace/.next/prerender-manifest.json'] {
2025-10-23 00:16:47 +03:00:   errno: -2,
2025-10-23 00:16:47 +03:00:   code: 'ENOENT',
2025-10-23 00:16:47 +03:00:   syscall: 'open',
2025-10-23 00:16:47 +03:00:   path: '/var/www/servicetextpro/Marketplace/.next/prerender-manifest.json'
2025-10-23 00:16:47 +03:00: }
2025-10-23 00:16:48 +03:00: [Error: ENOENT: no such file or directory, open '/var/www/servicetextpro/Marketplace/.next/prerender-manifest.json'] {
2025-10-23 00:16:48 +03:00:   errno: -2,
2025-10-23 00:16:48 +03:00:   code: 'ENOENT',
2025-10-23 00:16:48 +03:00:   syscall: 'open',
2025-10-23 00:16:48 +03:00:   path: '/var/www/servicetextpro/Marketplace/.next/prerender-manifest.json'
2025-10-23 00:16:48 +03:00: }
2025-10-23 00:16:48 +03:00: [Error: ENOENT: no such file or directory, open '/var/www/servicetextpro/Marketplace/.next/prerender-manifest.json'] {
2025-10-23 00:16:48 +03:00:   errno: -2,
2025-10-23 00:16:48 +03:00:   code: 'ENOENT',
2025-10-23 00:16:48 +03:00:   syscall: 'open',
2025-10-23 00:16:48 +03:00:   path: '/var/www/servicetextpro/Marketplace/.next/prerender-manifest.json'
2025-10-23 00:16:48 +03:00: }
2025-10-23 00:16:49 +03:00: [Error: ENOENT: no such file or directory, open '/var/www/servicetextpro/Marketplace/.next/prerender-manifest.json'] {
2025-10-23 00:16:49 +03:00:   errno: -2,
2025-10-23 00:16:49 +03:00:   code: 'ENOENT',
2025-10-23 00:16:49 +03:00:   syscall: 'open',
2025-10-23 00:16:49 +03:00:   path: '/var/www/servicetextpro/Marketplace/.next/prerender-manifest.json'
2025-10-23 00:16:49 +03:00: }
2025-10-23 00:16:49 +03:00: [Error: ENOENT: no such file or directory, open '/var/www/servicetextpro/Marketplace/.next/prerender-manifest.json'] {
2025-10-23 00:16:49 +03:00:   errno: -2,
2025-10-23 00:16:49 +03:00:   code: 'ENOENT',
2025-10-23 00:16:49 +03:00:   syscall: 'open',
2025-10-23 00:16:49 +03:00:   path: '/var/www/servicetextpro/Marketplace/.next/prerender-manifest.json'
2025-10-23 00:16:49 +03:00: }
2025-10-23 00:16:50 +03:00: [Error: ENOENT: no such file or directory, open '/var/www/servicetextpro/Marketplace/.next/prerender-manifest.json'] {
2025-10-23 00:16:50 +03:00:   errno: -2,
2025-10-23 00:16:50 +03:00:   code: 'ENOENT',
2025-10-23 00:16:50 +03:00:   syscall: 'open',
2025-10-23 00:16:50 +03:00:   path: '/var/www/servicetextpro/Marketplace/.next/prerender-manifest.json'
2025-10-23 00:16:50 +03:00: }
2025-10-23 00:16:50 +03:00: [Error: ENOENT: no such file or directory, open '/var/www/servicetextpro/Marketplace/.next/prerender-manifest.json'] {
2025-10-23 00:16:50 +03:00:   errno: -2,
2025-10-23 00:16:50 +03:00:   code: 'ENOENT',
2025-10-23 00:16:50 +03:00:   syscall: 'open',
2025-10-23 00:16:50 +03:00:   path: '/var/www/servicetextpro/Marketplace/.next/prerender-manifest.json'
2025-10-23 00:16:50 +03:00: }
2025-10-23 00:16:51 +03:00: [Error: ENOENT: no such file or directory, open '/var/www/servicetextpro/Marketplace/.next/prerender-manifest.json'] {
2025-10-23 00:16:51 +03:00:   errno: -2,
2025-10-23 00:16:51 +03:00:   code: 'ENOENT',
2025-10-23 00:16:51 +03:00:   syscall: 'open',
2025-10-23 00:16:51 +03:00:   path: '/var/www/servicetextpro/Marketplace/.next/prerender-manifest.json'
2025-10-23 00:16:51 +03:00: }
2025-10-23 00:16:51 +03:00: [Error: ENOENT: no such file or directory, open '/var/www/servicetextpro/Marketplace/.next/prerender-manifest.json'] {
2025-10-23 00:16:51 +03:00:   errno: -2,
2025-10-23 00:16:51 +03:00:   code: 'ENOENT',
2025-10-23 00:16:51 +03:00:   syscall: 'open',
2025-10-23 00:16:51 +03:00:   path: '/var/www/servicetextpro/Marketplace/.next/prerender-manifest.json'
2025-10-23 00:16:51 +03:00: }
2025-10-23 00:16:51 +03:00: [Error: ENOENT: no such file or directory, open '/var/www/servicetextpro/Marketplace/.next/prerender-manifest.json'] {
2025-10-23 00:16:51 +03:00:   errno: -2,
2025-10-23 00:16:51 +03:00:   code: 'ENOENT',
2025-10-23 00:16:51 +03:00:   syscall: 'open',
2025-10-23 00:16:51 +03:00:   path: '/var/www/servicetextpro/Marketplace/.next/prerender-manifest.json'
2025-10-23 00:16:51 +03:00: }
2025-10-23 00:16:52 +03:00: [Error: ENOENT: no such file or directory, open '/var/www/servicetextpro/Marketplace/.next/prerender-manifest.json'] {
2025-10-23 00:16:52 +03:00:   errno: -2,
2025-10-23 00:16:52 +03:00:   code: 'ENOENT',
2025-10-23 00:16:52 +03:00:   syscall: 'open',
2025-10-23 00:16:52 +03:00:   path: '/var/www/servicetextpro/Marketplace/.next/prerender-manifest.json'
2025-10-23 00:16:52 +03:00: }
2025-10-23 00:16:52 +03:00: [Error: ENOENT: no such file or directory, open '/var/www/servicetextpro/Marketplace/.next/prerender-manifest.json'] {
2025-10-23 00:16:52 +03:00:   errno: -2,
2025-10-23 00:16:52 +03:00:   code: 'ENOENT',
2025-10-23 00:16:52 +03:00:   syscall: 'open',
2025-10-23 00:16:52 +03:00:   path: '/var/www/servicetextpro/Marketplace/.next/prerender-manifest.json'
2025-10-23 00:16:52 +03:00: }
2025-10-23 00:16:53 +03:00: [Error: ENOENT: no such file or directory, open '/var/www/servicetextpro/Marketplace/.next/prerender-manifest.json'] {
2025-10-23 00:16:53 +03:00:   errno: -2,
2025-10-23 00:16:53 +03:00:   code: 'ENOENT',
2025-10-23 00:16:53 +03:00:   syscall: 'open',
2025-10-23 00:16:53 +03:00:   path: '/var/www/servicetextpro/Marketplace/.next/prerender-manifest.json'
2025-10-23 00:16:53 +03:00: }
